Using pre-set license
Built from '2020.2/release' branch; Version is '2020.2.2f1 (068178b99f32) revision 426360'; Using compiler version '192528614'; Build Type 'Release'
OS: 'Windows 10 Pro; OS build 19041.804; Version 2004; 64bit' Language: 'pt' Physical Memory: 24513 MB
BatchMode: 1, IsHumanControllingUs: 0, StartBugReporterOnCrash: 0, Is64bit: 1, IsPro: 0

 COMMAND LINE ARGUMENTS:
C:\Program Files\Unity\Hub\Editor\2020.2.2f1\Editor\Unity.exe
-adb2
-batchMode
-noUpm
-name
AssetImportWorker0
-projectPath
C:/Users/figor/Desktop/RedRunner
-logFile
Logs/AssetImportWorker0.log
-srvPort
51129
Successfully changed project path to: C:/Users/figor/Desktop/RedRunner
C:/Users/figor/Desktop/RedRunner
Using Asset Import Pipeline V2.
Refreshing native plugins compatible for Editor in 68.20 ms, found 1 plugins.
Preloading 0 native plugins for Editor in 0.00 ms.
Initialize engine version: 2020.2.2f1 (068178b99f32)
[Subsystems] Discovering subsystems at path C:/Program Files/Unity/Hub/Editor/2020.2.2f1/Editor/Data/Resources/UnitySubsystems
[Subsystems] Discovering subsystems at path C:/Users/figor/Desktop/RedRunner/Assets
GfxDevice: creating device client; threaded=0
Direct3D:
    Version:  Direct3D 11.0 [level 11.1]
    Renderer: NVIDIA GeForce RTX 2070 (ID=0x1f02)
    Vendor:   
    VRAM:     8031 MB
    Driver:   27.21.14.6109
Initialize mono
Mono path[0] = 'C:/Program Files/Unity/Hub/Editor/2020.2.2f1/Editor/Data/Managed'
Mono path[1] = 'C:/Program Files/Unity/Hub/Editor/2020.2.2f1/Editor/Data/MonoBleedingEdge/lib/mono/unityjit'
Mono config path = 'C:/Program Files/Unity/Hub/Editor/2020.2.2f1/Editor/Data/MonoBleedingEdge/etc'
Using monoOptions --debugger-agent=transport=dt_socket,embedding=1,server=y,suspend=n,address=127.0.0.1:56288
Begin MonoManager ReloadAssembly
Registering precompiled unity dll's ...
Register platform support module: C:/Program Files/Unity/Hub/Editor/2020.2.2f1/Editor/Data/PlaybackEngines/WindowsStandaloneSupport/UnityEditor.WindowsStandalone.Extensions.dll
Registered in 0.001541 seconds.
Native extension for WindowsStandalone target not found
Refreshing native plugins compatible for Editor in 50.15 ms, found 1 plugins.
Preloading 0 native plugins for Editor in 0.00 ms.
Invoked RoslynAnalysisRunner static constructor.
RoslynAnalysisRunner will not be running.
RoslynAnalysisRunner has terminated.
Mono: successfully reloaded assembly
- Completed reload, in  1.211 seconds
Platform modules already initialized, skipping
Registering precompiled user dll's ...
Registered in 0.004274 seconds.
Begin MonoManager ReloadAssembly
Native extension for WindowsStandalone target not found
Refreshing native plugins compatible for Editor in 61.31 ms, found 1 plugins.
Preloading 0 native plugins for Editor in 0.00 ms.
Invoked RoslynAnalysisRunner static constructor.
RoslynAnalysisRunner will not be running.
RoslynAnalysisRunner has terminated.
Mono: successfully reloaded assembly
- Completed reload, in  1.742 seconds
Platform modules already initialized, skipping
========================================================================
Worker process is ready to serve import requests
Launched and connected shader compiler UnityShaderCompiler.exe after 0.05 seconds
Refreshing native plugins compatible for Editor in 0.77 ms, found 1 plugins.
Preloading 0 native plugins for Editor in 0.00 ms.
Unloading 2050 Unused Serialized files (Serialized files now loaded: 0)
System memory in use before: 97.6 MB.
System memory in use after: 97.8 MB.

Unloading 46 unused Assets to reduce memory usage. Loaded Objects now: 2469.
Total: 2.450100 ms (FindLiveObjects: 0.203900 ms CreateObjectMapping: 0.085400 ms MarkObjects: 2.129500 ms  DeleteObjects: 0.030500 ms)

========================================================================
Received Import Request.
  path: Assets/Scripts/RedRunner/AI/PlayerWatcher.cs
  artifactKey: Guid(7597c8c1a37c4cd44b604daf80ac8123) Importer(815301076,1909f56bfc062723c751e8b465ee728b)
Start importing Assets/Scripts/RedRunner/AI/PlayerWatcher.cs using Guid(7597c8c1a37c4cd44b604daf80ac8123) Importer(815301076,1909f56bfc062723c751e8b465ee728b)  -> (artifact id: 'efa9ca2efa65b0e6ff84e96b970b55a1') in 0.037216 seconds
  Import took 0.042285 seconds .

========================================================================
Received Import Request.
  Time since last request: 64.526092 seconds.
  path: Assets/Prefabs/Blocks
  artifactKey: Guid(8af418a22168dd94aa3d2230e534e655) Importer(815301076,1909f56bfc062723c751e8b465ee728b)
Start importing Assets/Prefabs/Blocks using Guid(8af418a22168dd94aa3d2230e534e655) Importer(815301076,1909f56bfc062723c751e8b465ee728b)  -> (artifact id: '2de1302968652e424e4e72cd60dc7999') in 0.010312 seconds
  Import took 0.015550 seconds .

========================================================================
Received Import Request.
  Time since last request: 0.000523 seconds.
  path: Assets/Prefabs/Blocks
  artifactKey: Guid(8af418a22168dd94aa3d2230e534e655) Importer(815301076,1909f56bfc062723c751e8b465ee728b)
Start importing Assets/Prefabs/Blocks using Guid(8af418a22168dd94aa3d2230e534e655) Importer(815301076,1909f56bfc062723c751e8b465ee728b)  -> (artifact id: '2de1302968652e424e4e72cd60dc7999') in 0.002699 seconds
  Import took 0.006648 seconds .

========================================================================
Received Prepare
Registering precompiled user dll's ...
Registered in 0.006040 seconds.
Begin MonoManager ReloadAssembly
Native extension for WindowsStandalone target not found
Refreshing native plugins compatible for Editor in 0.62 ms, found 1 plugins.
Preloading 0 native plugins for Editor in 0.00 ms.
Invoked RoslynAnalysisRunner static constructor.
RoslynAnalysisRunner will not be running.
RoslynAnalysisRunner has terminated.
Mono: successfully reloaded assembly
- Completed reload, in  1.143 seconds
Platform modules already initialized, skipping
Refreshing native plugins compatible for Editor in 0.61 ms, found 1 plugins.
Preloading 0 native plugins for Editor in 0.00 ms.
Unloading 2012 Unused Serialized files (Serialized files now loaded: 0)
System memory in use before: 95.4 MB.
System memory in use after: 95.6 MB.

Unloading 38 unused Assets to reduce memory usage. Loaded Objects now: 2471.
Total: 2.649100 ms (FindLiveObjects: 0.226500 ms CreateObjectMapping: 0.078900 ms MarkObjects: 2.311400 ms  DeleteObjects: 0.030500 ms)

========================================================================
Received Import Request.
  Time since last request: 19.956861 seconds.
  path: Assets/Prefabs/Blocks/Middle_6.prefab
  artifactKey: Guid(2d64712e7f51a2044b6538986806f5a7) Importer(815301076,1909f56bfc062723c751e8b465ee728b)
Start importing Assets/Prefabs/Blocks/Middle_6.prefab using Guid(2d64712e7f51a2044b6538986806f5a7) Importer(815301076,1909f56bfc062723c751e8b465ee728b)  -> (artifact id: '2d0e421c4676b0947f8fad1322195dab') in 0.172461 seconds
  Import took 0.179199 seconds .

========================================================================
Received Import Request.
  Time since last request: 1.789554 seconds.
  path: Assets/Prefabs/Blocks/Middle_6.prefab
  artifactKey: Guid(2d64712e7f51a2044b6538986806f5a7) Importer(815301076,1909f56bfc062723c751e8b465ee728b)
Start importing Assets/Prefabs/Blocks/Middle_6.prefab using Guid(2d64712e7f51a2044b6538986806f5a7) Importer(815301076,1909f56bfc062723c751e8b465ee728b)  -> (artifact id: 'c06b91d1f56cd5a4e01927d5c2b63774') in 0.080642 seconds
  Import took 0.092452 seconds .

========================================================================
Received Import Request.
  Time since last request: 6.399133 seconds.
  path: Assets/Prefabs/Blocks/Middle_6.prefab
  artifactKey: Guid(2d64712e7f51a2044b6538986806f5a7) Importer(815301076,1909f56bfc062723c751e8b465ee728b)
Start importing Assets/Prefabs/Blocks/Middle_6.prefab using Guid(2d64712e7f51a2044b6538986806f5a7) Importer(815301076,1909f56bfc062723c751e8b465ee728b)  -> (artifact id: '4014fb50cb2857751fd45c7fed5b2f97') in 0.048167 seconds
  Import took 0.054622 seconds .

========================================================================
Received Import Request.
  Time since last request: 4.798541 seconds.
  path: Assets/Prefabs/Blocks/Middle_6.prefab
  artifactKey: Guid(2d64712e7f51a2044b6538986806f5a7) Importer(815301076,1909f56bfc062723c751e8b465ee728b)
Start importing Assets/Prefabs/Blocks/Middle_6.prefab using Guid(2d64712e7f51a2044b6538986806f5a7) Importer(815301076,1909f56bfc062723c751e8b465ee728b)  -> (artifact id: 'b8977f9a511cfec2c81a1de938ec04f2') in 0.052871 seconds
  Import took 0.058962 seconds .

========================================================================
Received Import Request.
  Time since last request: 2.593256 seconds.
  path: Assets/Prefabs/Blocks/Middle_6.prefab
  artifactKey: Guid(2d64712e7f51a2044b6538986806f5a7) Importer(815301076,1909f56bfc062723c751e8b465ee728b)
Start importing Assets/Prefabs/Blocks/Middle_6.prefab using Guid(2d64712e7f51a2044b6538986806f5a7) Importer(815301076,1909f56bfc062723c751e8b465ee728b)  -> (artifact id: 'd984ceb6ee23d342d4d3f0984d795707') in 0.054954 seconds
  Import took 0.063449 seconds .

========================================================================
Received Prepare
Registering precompiled user dll's ...
Registered in 0.006356 seconds.
Begin MonoManager ReloadAssembly
Native extension for WindowsStandalone target not found
Refreshing native plugins compatible for Editor in 0.62 ms, found 1 plugins.
Preloading 0 native plugins for Editor in 0.00 ms.
Invoked RoslynAnalysisRunner static constructor.
RoslynAnalysisRunner will not be running.
RoslynAnalysisRunner has terminated.
Mono: successfully reloaded assembly
- Completed reload, in  1.071 seconds
Platform modules already initialized, skipping
Refreshing native plugins compatible for Editor in 0.70 ms, found 1 plugins.
Preloading 0 native plugins for Editor in 0.00 ms.
Unloading 2012 Unused Serialized files (Serialized files now loaded: 0)
System memory in use before: 99.1 MB.
System memory in use after: 99.2 MB.

Unloading 39 unused Assets to reduce memory usage. Loaded Objects now: 2480.
Total: 2.327500 ms (FindLiveObjects: 0.199100 ms CreateObjectMapping: 0.081300 ms MarkObjects: 2.021200 ms  DeleteObjects: 0.025100 ms)

========================================================================
Received Prepare
Registering precompiled user dll's ...
Registered in 0.004159 seconds.
Begin MonoManager ReloadAssembly
Native extension for WindowsStandalone target not found
Refreshing native plugins compatible for Editor in 0.76 ms, found 1 plugins.
Preloading 0 native plugins for Editor in 0.00 ms.
Invoked RoslynAnalysisRunner static constructor.
RoslynAnalysisRunner will not be running.
RoslynAnalysisRunner has terminated.
Mono: successfully reloaded assembly
- Completed reload, in  1.224 seconds
Platform modules already initialized, skipping
Refreshing native plugins compatible for Editor in 1.08 ms, found 1 plugins.
Preloading 0 native plugins for Editor in 0.00 ms.
Unloading 2012 Unused Serialized files (Serialized files now loaded: 0)
System memory in use before: 100.0 MB.
System memory in use after: 100.1 MB.

Unloading 38 unused Assets to reduce memory usage. Loaded Objects now: 2482.
Total: 2.548800 ms (FindLiveObjects: 0.260600 ms CreateObjectMapping: 0.160000 ms MarkObjects: 2.101200 ms  DeleteObjects: 0.025600 ms)

========================================================================
Received Prepare
Registering precompiled user dll's ...
Registered in 0.005959 seconds.
Begin MonoManager ReloadAssembly
Native extension for WindowsStandalone target not found
Refreshing native plugins compatible for Editor in 0.62 ms, found 1 plugins.
Preloading 0 native plugins for Editor in 0.00 ms.
Invoked RoslynAnalysisRunner static constructor.
RoslynAnalysisRunner will not be running.
RoslynAnalysisRunner has terminated.
Mono: successfully reloaded assembly
- Completed reload, in  1.065 seconds
Platform modules already initialized, skipping
Refreshing native plugins compatible for Editor in 0.75 ms, found 1 plugins.
Preloading 0 native plugins for Editor in 0.00 ms.
Unloading 2012 Unused Serialized files (Serialized files now loaded: 0)
System memory in use before: 100.1 MB.
System memory in use after: 100.3 MB.

Unloading 38 unused Assets to reduce memory usage. Loaded Objects now: 2484.
Total: 2.533900 ms (FindLiveObjects: 0.378000 ms CreateObjectMapping: 0.176200 ms MarkObjects: 1.954000 ms  DeleteObjects: 0.024100 ms)

========================================================================
Received Import Request.
  Time since last request: 1091.465253 seconds.
  path: Assets/Scripts/RedRunner/Collectables/Chest.cs
  artifactKey: Guid(fc84e7d01b977c54ba7e8b2e566b554f) Importer(815301076,1909f56bfc062723c751e8b465ee728b)
Start importing Assets/Scripts/RedRunner/Collectables/Chest.cs using Guid(fc84e7d01b977c54ba7e8b2e566b554f) Importer(815301076,1909f56bfc062723c751e8b465ee728b)  -> (artifact id: '486420c779a735976b77fdcd028f5954') in 0.012050 seconds
  Import took 0.016100 seconds .

========================================================================
Received Import Request.
  Time since last request: 0.031949 seconds.
  path: Assets/Scripts/RedRunner/Collectables/Chest.cs
  artifactKey: Guid(fc84e7d01b977c54ba7e8b2e566b554f) Importer(815301076,1909f56bfc062723c751e8b465ee728b)
Start importing Assets/Scripts/RedRunner/Collectables/Chest.cs using Guid(fc84e7d01b977c54ba7e8b2e566b554f) Importer(815301076,1909f56bfc062723c751e8b465ee728b)  -> (artifact id: '486420c779a735976b77fdcd028f5954') in 0.003526 seconds
  Import took 0.007500 seconds .

========================================================================
Received Prepare
Registering precompiled user dll's ...
Registered in 0.004741 seconds.
Begin MonoManager ReloadAssembly
Native extension for WindowsStandalone target not found
Refreshing native plugins compatible for Editor in 0.63 ms, found 1 plugins.
Preloading 0 native plugins for Editor in 0.00 ms.
Invoked RoslynAnalysisRunner static constructor.
RoslynAnalysisRunner will not be running.
RoslynAnalysisRunner has terminated.
Mono: successfully reloaded assembly
- Completed reload, in  1.059 seconds
Platform modules already initialized, skipping
Refreshing native plugins compatible for Editor in 0.97 ms, found 1 plugins.
Preloading 0 native plugins for Editor in 0.00 ms.
Unloading 2012 Unused Serialized files (Serialized files now loaded: 0)
System memory in use before: 100.0 MB.
System memory in use after: 100.1 MB.

Unloading 38 unused Assets to reduce memory usage. Loaded Objects now: 2486.
Total: 3.347100 ms (FindLiveObjects: 0.403100 ms CreateObjectMapping: 0.244300 ms MarkObjects: 2.666100 ms  DeleteObjects: 0.031800 ms)

========================================================================
Received Import Request.
  Time since last request: 82.711545 seconds.
  path: Assets/Scripts/RedRunner/Collectables/Chest.cs
  artifactKey: Guid(fc84e7d01b977c54ba7e8b2e566b554f) Importer(815301076,1909f56bfc062723c751e8b465ee728b)
Start importing Assets/Scripts/RedRunner/Collectables/Chest.cs using Guid(fc84e7d01b977c54ba7e8b2e566b554f) Importer(815301076,1909f56bfc062723c751e8b465ee728b)  -> (artifact id: '3c97c7b203d44f7263eb65bf66fd1ca6') in 0.006014 seconds
  Import took 0.010248 seconds .

========================================================================
Received Import Request.
  Time since last request: 13.189378 seconds.
  path: Assets/Prefabs/Blocks/Middle_6.prefab
  artifactKey: Guid(2d64712e7f51a2044b6538986806f5a7) Importer(815301076,1909f56bfc062723c751e8b465ee728b)
Start importing Assets/Prefabs/Blocks/Middle_6.prefab using Guid(2d64712e7f51a2044b6538986806f5a7) Importer(815301076,1909f56bfc062723c751e8b465ee728b)  -> (artifact id: 'daea885f15b83e3a5b6940f381bec7a4') in 0.109818 seconds
  Import took 0.117650 seconds .

========================================================================
Received Prepare
Registering precompiled user dll's ...
Registered in 0.004354 seconds.
Begin MonoManager ReloadAssembly
Native extension for WindowsStandalone target not found
Refreshing native plugins compatible for Editor in 0.76 ms, found 1 plugins.
Preloading 0 native plugins for Editor in 0.00 ms.
Invoked RoslynAnalysisRunner static constructor.
RoslynAnalysisRunner will not be running.
RoslynAnalysisRunner has terminated.
Mono: successfully reloaded assembly
- Completed reload, in  1.112 seconds
Platform modules already initialized, skipping
Refreshing native plugins compatible for Editor in 0.73 ms, found 1 plugins.
Preloading 0 native plugins for Editor in 0.00 ms.
Unloading 2012 Unused Serialized files (Serialized files now loaded: 0)
System memory in use before: 100.2 MB.
System memory in use after: 100.3 MB.

Unloading 39 unused Assets to reduce memory usage. Loaded Objects now: 2489.
Total: 2.533800 ms (FindLiveObjects: 0.202300 ms CreateObjectMapping: 0.080200 ms MarkObjects: 2.220700 ms  DeleteObjects: 0.029700 ms)

========================================================================
Received Import Request.
  Time since last request: 927.683401 seconds.
  path: Assets/Scripts/RedRunner/Characters/Character.cs
  artifactKey: Guid(a4b712c7c9748ac4aab19157b4d08edb) Importer(815301076,1909f56bfc062723c751e8b465ee728b)
Start importing Assets/Scripts/RedRunner/Characters/Character.cs using Guid(a4b712c7c9748ac4aab19157b4d08edb) Importer(815301076,1909f56bfc062723c751e8b465ee728b)  -> (artifact id: 'b6ce9f9236b46b54d520464b37343c9f') in 0.009288 seconds
  Import took 0.013627 seconds .

========================================================================
Received Import Request.
  Time since last request: 0.023627 seconds.
  path: Assets/Scripts/RedRunner/Characters/Character.cs
  artifactKey: Guid(a4b712c7c9748ac4aab19157b4d08edb) Importer(815301076,1909f56bfc062723c751e8b465ee728b)
Start importing Assets/Scripts/RedRunner/Characters/Character.cs using Guid(a4b712c7c9748ac4aab19157b4d08edb) Importer(815301076,1909f56bfc062723c751e8b465ee728b)  -> (artifact id: 'b6ce9f9236b46b54d520464b37343c9f') in 0.003947 seconds
  Import took 0.007407 seconds .

========================================================================
Received Import Request.
  Time since last request: 230.821180 seconds.
  path: Assets/Scripts/RedRunner/Characters/Character.cs
  artifactKey: Guid(a4b712c7c9748ac4aab19157b4d08edb) Importer(815301076,1909f56bfc062723c751e8b465ee728b)
Start importing Assets/Scripts/RedRunner/Characters/Character.cs using Guid(a4b712c7c9748ac4aab19157b4d08edb) Importer(815301076,1909f56bfc062723c751e8b465ee728b)  -> (artifact id: 'b666518763c522f165bf4399688d7ff7') in 0.004618 seconds
  Import took 0.010874 seconds .

========================================================================
Received Prepare
Registering precompiled user dll's ...
Registered in 0.004279 seconds.
Begin MonoManager ReloadAssembly
Native extension for WindowsStandalone target not found
Refreshing native plugins compatible for Editor in 0.62 ms, found 1 plugins.
Preloading 0 native plugins for Editor in 0.00 ms.
Invoked RoslynAnalysisRunner static constructor.
RoslynAnalysisRunner will not be running.
RoslynAnalysisRunner has terminated.
Mono: successfully reloaded assembly
- Completed reload, in  1.102 seconds
Platform modules already initialized, skipping
Refreshing native plugins compatible for Editor in 0.73 ms, found 1 plugins.
Preloading 0 native plugins for Editor in 0.00 ms.
Unloading 2012 Unused Serialized files (Serialized files now loaded: 0)
System memory in use before: 100.0 MB.
System memory in use after: 100.1 MB.

Unloading 38 unused Assets to reduce memory usage. Loaded Objects now: 2491.
Total: 2.522500 ms (FindLiveObjects: 0.257000 ms CreateObjectMapping: 0.172000 ms MarkObjects: 2.067800 ms  DeleteObjects: 0.024100 ms)

========================================================================
Received Import Request.
  Time since last request: 162.724391 seconds.
  path: Assets/Prefabs/Blocks/Middle_8.prefab
  artifactKey: Guid(abc78284c3cce8d45be7b2d19bad3105) Importer(815301076,1909f56bfc062723c751e8b465ee728b)
Start importing Assets/Prefabs/Blocks/Middle_8.prefab using Guid(abc78284c3cce8d45be7b2d19bad3105) Importer(815301076,1909f56bfc062723c751e8b465ee728b)  -> (artifact id: '5ff0b0ed756ef29016317acd71724fac') in 0.089385 seconds
  Import took 0.097480 seconds .

========================================================================
Received Import Request.
  Time since last request: 0.000187 seconds.
  path: Assets/Prefabs/Blocks/Middle_4.prefab
  artifactKey: Guid(d89492603b5ef0b44968fe7cbb6529be) Importer(815301076,1909f56bfc062723c751e8b465ee728b)
Start importing Assets/Prefabs/Blocks/Middle_4.prefab using Guid(d89492603b5ef0b44968fe7cbb6529be) Importer(815301076,1909f56bfc062723c751e8b465ee728b)  -> (artifact id: '21696ed6a211e3a2343a10dc4afb06a2') in 0.072141 seconds
  Import took 0.077406 seconds .

========================================================================
Received Import Request.
  Time since last request: 0.000178 seconds.
  path: Assets/Prefabs/Blocks/Middle_7.prefab
  artifactKey: Guid(ae3df9c829e154046a799ed392b65a5a) Importer(815301076,1909f56bfc062723c751e8b465ee728b)
Start importing Assets/Prefabs/Blocks/Middle_7.prefab using Guid(ae3df9c829e154046a799ed392b65a5a) Importer(815301076,1909f56bfc062723c751e8b465ee728b)  -> (artifact id: '3194e1586b74d6205b6ca5230b48a45f') in 0.055536 seconds
  Import took 0.061020 seconds .

========================================================================
Received Import Request.
  Time since last request: 0.000177 seconds.
  path: Assets/Prefabs/Blocks/Middle_11.prefab
  artifactKey: Guid(976413338dc4e794a87aa9910ce3a4e5) Importer(815301076,1909f56bfc062723c751e8b465ee728b)
Start importing Assets/Prefabs/Blocks/Middle_11.prefab using Guid(976413338dc4e794a87aa9910ce3a4e5) Importer(815301076,1909f56bfc062723c751e8b465ee728b)  -> (artifact id: 'ef2b0ea778e22478434a4130ae505463') in 0.067676 seconds
  Import took 0.074683 seconds .

========================================================================
Received Import Request.
  Time since last request: 0.000184 seconds.
  path: Assets/Prefabs/Blocks/Middle_6.prefab
  artifactKey: Guid(2d64712e7f51a2044b6538986806f5a7) Importer(815301076,1909f56bfc062723c751e8b465ee728b)
Start importing Assets/Prefabs/Blocks/Middle_6.prefab using Guid(2d64712e7f51a2044b6538986806f5a7) Importer(815301076,1909f56bfc062723c751e8b465ee728b)  -> (artifact id: '270759d50ce56886a447310a733205f9') in 0.068189 seconds
  Import took 0.074791 seconds .

========================================================================
Received Import Request.
  Time since last request: 0.000196 seconds.
  path: Assets/Prefabs/Blocks/Middle_10.prefab
  artifactKey: Guid(fe7e388630682094a9a1cd39c9169ff9) Importer(815301076,1909f56bfc062723c751e8b465ee728b)
Start importing Assets/Prefabs/Blocks/Middle_10.prefab using Guid(fe7e388630682094a9a1cd39c9169ff9) Importer(815301076,1909f56bfc062723c751e8b465ee728b)  -> (artifact id: 'f71b6a3d4e3bd18f5b0438479d9bc572') in 0.039431 seconds
  Import took 0.045732 seconds .

========================================================================
Received Import Request.
  Time since last request: 0.000167 seconds.
  path: Assets/Prefabs/Blocks/Middle_5.prefab
  artifactKey: Guid(5f0424de7d9fa9342a23732f3e037378) Importer(815301076,1909f56bfc062723c751e8b465ee728b)
Start importing Assets/Prefabs/Blocks/Middle_5.prefab using Guid(5f0424de7d9fa9342a23732f3e037378) Importer(815301076,1909f56bfc062723c751e8b465ee728b)  -> (artifact id: '531595f735501ce5c58bda10c46c3722') in 0.038136 seconds
  Import took 0.043249 seconds .

========================================================================
Received Import Request.
  Time since last request: 0.000171 seconds.
  path: Assets/Prefabs/Blocks/Middle_9.prefab
  artifactKey: Guid(670fa9c695aab9c40a089656eaac35bf) Importer(815301076,1909f56bfc062723c751e8b465ee728b)
Start importing Assets/Prefabs/Blocks/Middle_9.prefab using Guid(670fa9c695aab9c40a089656eaac35bf) Importer(815301076,1909f56bfc062723c751e8b465ee728b)  -> (artifact id: '2a8fb5101330db9dae619ec27707b77a') in 0.043526 seconds
  Import took 0.050192 seconds .

========================================================================
Received Import Request.
  Time since last request: 0.000172 seconds.
  path: Assets/Prefabs/Blocks/Middle_13.prefab
  artifactKey: Guid(0983e63aa3847904aad91fb0009b7cdf) Importer(815301076,1909f56bfc062723c751e8b465ee728b)
Start importing Assets/Prefabs/Blocks/Middle_13.prefab using Guid(0983e63aa3847904aad91fb0009b7cdf) Importer(815301076,1909f56bfc062723c751e8b465ee728b)  -> (artifact id: 'ec87c0399e09d9756afaaa0b7512a509') in 0.040107 seconds
  Import took 0.044924 seconds .

========================================================================
Received Import Request.
  Time since last request: 0.000256 seconds.
  path: Assets/Prefabs/Blocks/Middle_12.prefab
  artifactKey: Guid(28b5a8028cc1b464dbf625ec31f00e5a) Importer(815301076,1909f56bfc062723c751e8b465ee728b)
Start importing Assets/Prefabs/Blocks/Middle_12.prefab using Guid(28b5a8028cc1b464dbf625ec31f00e5a) Importer(815301076,1909f56bfc062723c751e8b465ee728b)  -> (artifact id: 'd2d94752ae0c5afee00c653153c9a51a') in 0.035150 seconds
  Import took 0.040221 seconds .

========================================================================
Received Import Request.
  Time since last request: 27.355302 seconds.
  path: Assets/Prefabs/Blocks/Middle_6.prefab
  artifactKey: Guid(2d64712e7f51a2044b6538986806f5a7) Importer(815301076,1909f56bfc062723c751e8b465ee728b)
Start importing Assets/Prefabs/Blocks/Middle_6.prefab using Guid(2d64712e7f51a2044b6538986806f5a7) Importer(815301076,1909f56bfc062723c751e8b465ee728b)  -> (artifact id: '5fcfd3ec16fe6cbbbed5e64a6884dc4f') in 0.050473 seconds
  Import took 0.058084 seconds .

========================================================================
Received Import Request.
  Time since last request: 35.129990 seconds.
  path: Assets/Prefabs/Blocks/Middle_10.prefab
  artifactKey: Guid(fe7e388630682094a9a1cd39c9169ff9) Importer(815301076,1909f56bfc062723c751e8b465ee728b)
Start importing Assets/Prefabs/Blocks/Middle_10.prefab using Guid(fe7e388630682094a9a1cd39c9169ff9) Importer(815301076,1909f56bfc062723c751e8b465ee728b)  -> (artifact id: '4267d2da90d79e358f0d8b83eb6c6b38') in 0.041475 seconds
  Import took 0.047236 seconds .

========================================================================
Received Import Request.
  Time since last request: 3.419426 seconds.
  path: Assets/Prefabs/Blocks/Middle_10.prefab
  artifactKey: Guid(fe7e388630682094a9a1cd39c9169ff9) Importer(815301076,1909f56bfc062723c751e8b465ee728b)
Start importing Assets/Prefabs/Blocks/Middle_10.prefab using Guid(fe7e388630682094a9a1cd39c9169ff9) Importer(815301076,1909f56bfc062723c751e8b465ee728b)  -> (artifact id: '613c921b210d86bb583270690b1476c9') in 0.043382 seconds
  Import took 0.049553 seconds .

========================================================================
Received Import Request.
  Time since last request: 2.801764 seconds.
  path: Assets/Prefabs/Blocks/Middle_10.prefab
  artifactKey: Guid(fe7e388630682094a9a1cd39c9169ff9) Importer(815301076,1909f56bfc062723c751e8b465ee728b)
Start importing Assets/Prefabs/Blocks/Middle_10.prefab using Guid(fe7e388630682094a9a1cd39c9169ff9) Importer(815301076,1909f56bfc062723c751e8b465ee728b)  -> (artifact id: 'aa2c8f4f160d7e44a590f3fd684552b0') in 0.033422 seconds
  Import took 0.039192 seconds .

========================================================================
Received Import Request.
  Time since last request: 1.583348 seconds.
  path: Assets/Prefabs/Blocks/Middle_10.prefab
  artifactKey: Guid(fe7e388630682094a9a1cd39c9169ff9) Importer(815301076,1909f56bfc062723c751e8b465ee728b)
Start importing Assets/Prefabs/Blocks/Middle_10.prefab using Guid(fe7e388630682094a9a1cd39c9169ff9) Importer(815301076,1909f56bfc062723c751e8b465ee728b)  -> (artifact id: '01156f3c6ad1462496bad9311ac07cec') in 0.041019 seconds
  Import took 0.048209 seconds .

========================================================================
Received Import Request.
  Time since last request: 1.802668 seconds.
  path: Assets/Prefabs/Blocks/Middle_10.prefab
  artifactKey: Guid(fe7e388630682094a9a1cd39c9169ff9) Importer(815301076,1909f56bfc062723c751e8b465ee728b)
Start importing Assets/Prefabs/Blocks/Middle_10.prefab using Guid(fe7e388630682094a9a1cd39c9169ff9) Importer(815301076,1909f56bfc062723c751e8b465ee728b)  -> (artifact id: '4bcbaf02fcbe41f63c6ae35291ce0bc2') in 0.036649 seconds
  Import took 0.043788 seconds .

========================================================================
Received Import Request.
  Time since last request: 5.863133 seconds.
  path: Assets/Prefabs/Blocks/Middle_10.prefab
  artifactKey: Guid(fe7e388630682094a9a1cd39c9169ff9) Importer(815301076,1909f56bfc062723c751e8b465ee728b)
Start importing Assets/Prefabs/Blocks/Middle_10.prefab using Guid(fe7e388630682094a9a1cd39c9169ff9) Importer(815301076,1909f56bfc062723c751e8b465ee728b)  -> (artifact id: '144c883b27bbba27da8e768bf971de3d') in 0.039056 seconds
  Import took 0.045808 seconds .

========================================================================
Received Import Request.
  Time since last request: 19.203311 seconds.
  path: Assets/Prefabs/Blocks/Middle_11.prefab
  artifactKey: Guid(976413338dc4e794a87aa9910ce3a4e5) Importer(815301076,1909f56bfc062723c751e8b465ee728b)
Start importing Assets/Prefabs/Blocks/Middle_11.prefab using Guid(976413338dc4e794a87aa9910ce3a4e5) Importer(815301076,1909f56bfc062723c751e8b465ee728b)  -> (artifact id: '1e449e66736f6cbb8f11d6e200dc24e6') in 0.069275 seconds
  Import took 0.078390 seconds .

========================================================================
Received Import Request.
  Time since last request: 4.561848 seconds.
  path: Assets/Prefabs/Blocks/Middle_11.prefab
  artifactKey: Guid(976413338dc4e794a87aa9910ce3a4e5) Importer(815301076,1909f56bfc062723c751e8b465ee728b)
Start importing Assets/Prefabs/Blocks/Middle_11.prefab using Guid(976413338dc4e794a87aa9910ce3a4e5) Importer(815301076,1909f56bfc062723c751e8b465ee728b)  -> (artifact id: '29bd42127b68c7af7faddfb0f2370464') in 0.062604 seconds
  Import took 0.070004 seconds .

========================================================================
Received Import Request.
  Time since last request: 4.397198 seconds.
  path: Assets/Prefabs/Blocks/Middle_11.prefab
  artifactKey: Guid(976413338dc4e794a87aa9910ce3a4e5) Importer(815301076,1909f56bfc062723c751e8b465ee728b)
Start importing Assets/Prefabs/Blocks/Middle_11.prefab using Guid(976413338dc4e794a87aa9910ce3a4e5) Importer(815301076,1909f56bfc062723c751e8b465ee728b)  -> (artifact id: 'cde5985859ff3408888cee0edf59556b') in 0.061271 seconds
  Import took 0.068642 seconds .

========================================================================
Received Import Request.
  Time since last request: 8.204084 seconds.
  path: Assets/Prefabs/Blocks/Middle_12.prefab
  artifactKey: Guid(28b5a8028cc1b464dbf625ec31f00e5a) Importer(815301076,1909f56bfc062723c751e8b465ee728b)
Start importing Assets/Prefabs/Blocks/Middle_12.prefab using Guid(28b5a8028cc1b464dbf625ec31f00e5a) Importer(815301076,1909f56bfc062723c751e8b465ee728b)  -> (artifact id: '1a74f6dbead2eaa4ee1bdc70c5ddd334') in 0.037398 seconds
  Import took 0.043398 seconds .

========================================================================
Received Import Request.
  Time since last request: 1.743812 seconds.
  path: Assets/Prefabs/Blocks/Middle_12.prefab
  artifactKey: Guid(28b5a8028cc1b464dbf625ec31f00e5a) Importer(815301076,1909f56bfc062723c751e8b465ee728b)
Start importing Assets/Prefabs/Blocks/Middle_12.prefab using Guid(28b5a8028cc1b464dbf625ec31f00e5a) Importer(815301076,1909f56bfc062723c751e8b465ee728b)  -> (artifact id: '95295cfc756273d8ec2e602c9a52f957') in 0.054272 seconds
  Import took 0.060371 seconds .

========================================================================
Received Import Request.
  Time since last request: 2.620097 seconds.
  path: Assets/Prefabs/Blocks/Middle_12.prefab
  artifactKey: Guid(28b5a8028cc1b464dbf625ec31f00e5a) Importer(815301076,1909f56bfc062723c751e8b465ee728b)
Start importing Assets/Prefabs/Blocks/Middle_12.prefab using Guid(28b5a8028cc1b464dbf625ec31f00e5a) Importer(815301076,1909f56bfc062723c751e8b465ee728b)  -> (artifact id: '9f203ffe789f36559a08cb567036b57f') in 0.067659 seconds
  Import took 0.075666 seconds .

========================================================================
Received Import Request.
  Time since last request: 5.591017 seconds.
  path: Assets/Prefabs/Blocks/Middle_13.prefab
  artifactKey: Guid(0983e63aa3847904aad91fb0009b7cdf) Importer(815301076,1909f56bfc062723c751e8b465ee728b)
Start importing Assets/Prefabs/Blocks/Middle_13.prefab using Guid(0983e63aa3847904aad91fb0009b7cdf) Importer(815301076,1909f56bfc062723c751e8b465ee728b)  -> (artifact id: '92cb2c8ad7fab4116102e789aaffc004') in 0.039854 seconds
  Import took 0.045782 seconds .

========================================================================
Received Prepare
Registering precompiled user dll's ...
Registered in 0.004393 seconds.
Begin MonoManager ReloadAssembly
Native extension for WindowsStandalone target not found
Refreshing native plugins compatible for Editor in 0.62 ms, found 1 plugins.
Preloading 0 native plugins for Editor in 0.00 ms.
Invoked RoslynAnalysisRunner static constructor.
RoslynAnalysisRunner will not be running.
RoslynAnalysisRunner has terminated.
Mono: successfully reloaded assembly
- Completed reload, in  1.048 seconds
Platform modules already initialized, skipping
Refreshing native plugins compatible for Editor in 0.74 ms, found 1 plugins.
Preloading 0 native plugins for Editor in 0.00 ms.
Unloading 2012 Unused Serialized files (Serialized files now loaded: 0)
System memory in use before: 102.2 MB.
System memory in use after: 102.3 MB.

Unloading 39 unused Assets to reduce memory usage. Loaded Objects now: 2494.
Total: 2.874800 ms (FindLiveObjects: 0.358500 ms CreateObjectMapping: 0.116100 ms MarkObjects: 2.372300 ms  DeleteObjects: 0.026400 ms)

========================================================================
Received Prepare
Registering precompiled user dll's ...
Registered in 0.004626 seconds.
Begin MonoManager ReloadAssembly
Native extension for WindowsStandalone target not found
Refreshing native plugins compatible for Editor in 0.63 ms, found 1 plugins.
Preloading 0 native plugins for Editor in 0.00 ms.
Invoked RoslynAnalysisRunner static constructor.
RoslynAnalysisRunner will not be running.
RoslynAnalysisRunner has terminated.
Mono: successfully reloaded assembly
- Completed reload, in  1.080 seconds
Platform modules already initialized, skipping
Refreshing native plugins compatible for Editor in 0.74 ms, found 1 plugins.
Preloading 0 native plugins for Editor in 0.00 ms.
Unloading 2012 Unused Serialized files (Serialized files now loaded: 0)
System memory in use before: 101.9 MB.
System memory in use after: 102.0 MB.

Unloading 38 unused Assets to reduce memory usage. Loaded Objects now: 2496.
Total: 2.601900 ms (FindLiveObjects: 0.287600 ms CreateObjectMapping: 0.183000 ms MarkObjects: 2.103900 ms  DeleteObjects: 0.026100 ms)

========================================================================
Received Prepare
Registering precompiled user dll's ...
Registered in 0.004015 seconds.
Begin MonoManager ReloadAssembly
Native extension for WindowsStandalone target not found
Refreshing native plugins compatible for Editor in 0.66 ms, found 1 plugins.
Preloading 0 native plugins for Editor in 0.00 ms.
Invoked RoslynAnalysisRunner static constructor.
RoslynAnalysisRunner will not be running.
RoslynAnalysisRunner has terminated.
Mono: successfully reloaded assembly
- Completed reload, in  1.011 seconds
Platform modules already initialized, skipping
Refreshing native plugins compatible for Editor in 0.70 ms, found 1 plugins.
Preloading 0 native plugins for Editor in 0.00 ms.
Unloading 2012 Unused Serialized files (Serialized files now loaded: 0)
System memory in use before: 102.2 MB.
System memory in use after: 102.3 MB.

Unloading 38 unused Assets to reduce memory usage. Loaded Objects now: 2498.
Total: 2.482900 ms (FindLiveObjects: 0.210100 ms CreateObjectMapping: 0.084000 ms MarkObjects: 2.128000 ms  DeleteObjects: 0.059700 ms)

========================================================================
Received Prepare
Registering precompiled user dll's ...
Registered in 0.004194 seconds.
Begin MonoManager ReloadAssembly
Native extension for WindowsStandalone target not found
Refreshing native plugins compatible for Editor in 0.99 ms, found 1 plugins.
Preloading 0 native plugins for Editor in 0.00 ms.
Invoked RoslynAnalysisRunner static constructor.
RoslynAnalysisRunner will not be running.
RoslynAnalysisRunner has terminated.
Mono: successfully reloaded assembly
- Completed reload, in  1.111 seconds
Platform modules already initialized, skipping
Refreshing native plugins compatible for Editor in 0.63 ms, found 1 plugins.
Preloading 0 native plugins for Editor in 0.00 ms.
Unloading 2012 Unused Serialized files (Serialized files now loaded: 0)
System memory in use before: 101.9 MB.
System memory in use after: 102.0 MB.

Unloading 38 unused Assets to reduce memory usage. Loaded Objects now: 2500.
Total: 2.505600 ms (FindLiveObjects: 0.317700 ms CreateObjectMapping: 0.089600 ms MarkObjects: 2.068000 ms  DeleteObjects: 0.028900 ms)

========================================================================
Received Prepare
Registering precompiled user dll's ...
Registered in 0.005965 seconds.
Begin MonoManager ReloadAssembly
Native extension for WindowsStandalone target not found
Refreshing native plugins compatible for Editor in 0.69 ms, found 1 plugins.
Preloading 0 native plugins for Editor in 0.00 ms.
Invoked RoslynAnalysisRunner static constructor.
RoslynAnalysisRunner will not be running.
RoslynAnalysisRunner has terminated.
Mono: successfully reloaded assembly
- Completed reload, in  1.180 seconds
Platform modules already initialized, skipping
Refreshing native plugins compatible for Editor in 0.69 ms, found 1 plugins.
Preloading 0 native plugins for Editor in 0.00 ms.
Unloading 2012 Unused Serialized files (Serialized files now loaded: 0)
System memory in use before: 102.2 MB.
System memory in use after: 102.3 MB.

Unloading 38 unused Assets to reduce memory usage. Loaded Objects now: 2502.
Total: 2.682800 ms (FindLiveObjects: 0.298900 ms CreateObjectMapping: 0.093400 ms MarkObjects: 2.254000 ms  DeleteObjects: 0.035100 ms)

========================================================================
Received Prepare
Registering precompiled user dll's ...
Registered in 0.004448 seconds.
Begin MonoManager ReloadAssembly
Native extension for WindowsStandalone target not found
Refreshing native plugins compatible for Editor in 0.66 ms, found 1 plugins.
Preloading 0 native plugins for Editor in 0.00 ms.
Invoked RoslynAnalysisRunner static constructor.
RoslynAnalysisRunner will not be running.
RoslynAnalysisRunner has terminated.
Mono: successfully reloaded assembly
- Completed reload, in  1.040 seconds
Platform modules already initialized, skipping
Refreshing native plugins compatible for Editor in 0.65 ms, found 1 plugins.
Preloading 0 native plugins for Editor in 0.00 ms.
Unloading 2012 Unused Serialized files (Serialized files now loaded: 0)
System memory in use before: 101.8 MB.
System memory in use after: 102.0 MB.

Unloading 38 unused Assets to reduce memory usage. Loaded Objects now: 2504.
Total: 3.147300 ms (FindLiveObjects: 0.207300 ms CreateObjectMapping: 0.082500 ms MarkObjects: 2.820100 ms  DeleteObjects: 0.036100 ms)

========================================================================
Received Prepare
Registering precompiled user dll's ...
Registered in 0.004219 seconds.
Begin MonoManager ReloadAssembly
Native extension for WindowsStandalone target not found
Refreshing native plugins compatible for Editor in 0.68 ms, found 1 plugins.
Preloading 0 native plugins for Editor in 0.00 ms.
Invoked RoslynAnalysisRunner static constructor.
RoslynAnalysisRunner will not be running.
RoslynAnalysisRunner has terminated.
Mono: successfully reloaded assembly
- Completed reload, in  1.168 seconds
Platform modules already initialized, skipping
Refreshing native plugins compatible for Editor in 0.67 ms, found 1 plugins.
Preloading 0 native plugins for Editor in 0.00 ms.
Unloading 2012 Unused Serialized files (Serialized files now loaded: 0)
System memory in use before: 102.2 MB.
System memory in use after: 102.3 MB.

Unloading 38 unused Assets to reduce memory usage. Loaded Objects now: 2506.
Total: 2.509300 ms (FindLiveObjects: 0.375100 ms CreateObjectMapping: 0.174800 ms MarkObjects: 1.930300 ms  DeleteObjects: 0.027900 ms)

========================================================================
Received Prepare
Registering precompiled user dll's ...
Registered in 0.004506 seconds.
Begin MonoManager ReloadAssembly
Native extension for WindowsStandalone target not found
Refreshing native plugins compatible for Editor in 0.62 ms, found 1 plugins.
Preloading 0 native plugins for Editor in 0.00 ms.
Invoked RoslynAnalysisRunner static constructor.
RoslynAnalysisRunner will not be running.
RoslynAnalysisRunner has terminated.
Mono: successfully reloaded assembly
- Completed reload, in  1.123 seconds
Platform modules already initialized, skipping
Refreshing native plugins compatible for Editor in 0.70 ms, found 1 plugins.
Preloading 0 native plugins for Editor in 0.00 ms.
Unloading 2012 Unused Serialized files (Serialized files now loaded: 0)
System memory in use before: 101.8 MB.
System memory in use after: 101.9 MB.

Unloading 38 unused Assets to reduce memory usage. Loaded Objects now: 2508.
Total: 2.622800 ms (FindLiveObjects: 0.270000 ms CreateObjectMapping: 0.078800 ms MarkObjects: 2.238800 ms  DeleteObjects: 0.033900 ms)

========================================================================
Received Prepare
Registering precompiled user dll's ...
Registered in 0.004339 seconds.
Begin MonoManager ReloadAssembly
Native extension for WindowsStandalone target not found
Refreshing native plugins compatible for Editor in 1.32 ms, found 1 plugins.
Preloading 0 native plugins for Editor in 0.00 ms.
Invoked RoslynAnalysisRunner static constructor.
RoslynAnalysisRunner will not be running.
RoslynAnalysisRunner has terminated.
Mono: successfully reloaded assembly
- Completed reload, in  1.230 seconds
Platform modules already initialized, skipping
Refreshing native plugins compatible for Editor in 0.70 ms, found 1 plugins.
Preloading 0 native plugins for Editor in 0.00 ms.
Unloading 2012 Unused Serialized files (Serialized files now loaded: 0)
System memory in use before: 102.2 MB.
System memory in use after: 102.4 MB.

Unloading 38 unused Assets to reduce memory usage. Loaded Objects now: 2510.
Total: 2.706400 ms (FindLiveObjects: 0.256600 ms CreateObjectMapping: 0.426800 ms MarkObjects: 1.997000 ms  DeleteObjects: 0.025000 ms)

========================================================================
Received Prepare
Registering precompiled user dll's ...
Registered in 0.004120 seconds.
Begin MonoManager ReloadAssembly
Native extension for WindowsStandalone target not found
Refreshing native plugins compatible for Editor in 0.67 ms, found 1 plugins.
Preloading 0 native plugins for Editor in 0.00 ms.
Invoked RoslynAnalysisRunner static constructor.
RoslynAnalysisRunner will not be running.
RoslynAnalysisRunner has terminated.
Mono: successfully reloaded assembly
- Completed reload, in  1.100 seconds
Platform modules already initialized, skipping
Refreshing native plugins compatible for Editor in 0.64 ms, found 1 plugins.
Preloading 0 native plugins for Editor in 0.00 ms.
Unloading 2012 Unused Serialized files (Serialized files now loaded: 0)
System memory in use before: 101.8 MB.
System memory in use after: 101.9 MB.

Unloading 38 unused Assets to reduce memory usage. Loaded Objects now: 2512.
Total: 2.827900 ms (FindLiveObjects: 0.353000 ms CreateObjectMapping: 0.194900 ms MarkObjects: 2.250600 ms  DeleteObjects: 0.027900 ms)

========================================================================
Received Prepare
Registering precompiled user dll's ...
Registered in 0.004289 seconds.
Begin MonoManager ReloadAssembly
Native extension for WindowsStandalone target not found
Refreshing native plugins compatible for Editor in 0.69 ms, found 1 plugins.
Preloading 0 native plugins for Editor in 0.00 ms.
Invoked RoslynAnalysisRunner static constructor.
RoslynAnalysisRunner will not be running.
RoslynAnalysisRunner has terminated.
Mono: successfully reloaded assembly
- Completed reload, in  1.106 seconds
Platform modules already initialized, skipping
Refreshing native plugins compatible for Editor in 0.71 ms, found 1 plugins.
Preloading 0 native plugins for Editor in 0.00 ms.
Unloading 2012 Unused Serialized files (Serialized files now loaded: 0)
System memory in use before: 102.2 MB.
System memory in use after: 102.4 MB.

Unloading 38 unused Assets to reduce memory usage. Loaded Objects now: 2514.
Total: 2.592900 ms (FindLiveObjects: 0.212100 ms CreateObjectMapping: 0.081300 ms MarkObjects: 2.274800 ms  DeleteObjects: 0.023600 ms)

========================================================================
Received Prepare
Registering precompiled user dll's ...
Registered in 0.004326 seconds.
Begin MonoManager ReloadAssembly
Native extension for WindowsStandalone target not found
Refreshing native plugins compatible for Editor in 0.65 ms, found 1 plugins.
Preloading 0 native plugins for Editor in 0.00 ms.
Invoked RoslynAnalysisRunner static constructor.
RoslynAnalysisRunner will not be running.
RoslynAnalysisRunner has terminated.
Mono: successfully reloaded assembly
- Completed reload, in  1.077 seconds
Platform modules already initialized, skipping
Refreshing native plugins compatible for Editor in 0.93 ms, found 1 plugins.
Preloading 0 native plugins for Editor in 0.00 ms.
Unloading 2012 Unused Serialized files (Serialized files now loaded: 0)
System memory in use before: 102.3 MB.
System memory in use after: 102.4 MB.

Unloading 38 unused Assets to reduce memory usage. Loaded Objects now: 2516.
Total: 2.529000 ms (FindLiveObjects: 0.285700 ms CreateObjectMapping: 0.180900 ms MarkObjects: 2.036900 ms  DeleteObjects: 0.023800 ms)

========================================================================
Received Prepare
Registering precompiled user dll's ...
Registered in 0.004337 seconds.
Begin MonoManager ReloadAssembly
Native extension for WindowsStandalone target not found
Refreshing native plugins compatible for Editor in 0.63 ms, found 1 plugins.
Preloading 0 native plugins for Editor in 0.00 ms.
Invoked RoslynAnalysisRunner static constructor.
RoslynAnalysisRunner will not be running.
RoslynAnalysisRunner has terminated.
Mono: successfully reloaded assembly
- Completed reload, in  1.216 seconds
Platform modules already initialized, skipping
Refreshing native plugins compatible for Editor in 0.70 ms, found 1 plugins.
Preloading 0 native plugins for Editor in 0.00 ms.
Unloading 2012 Unused Serialized files (Serialized files now loaded: 0)
System memory in use before: 102.2 MB.
System memory in use after: 102.3 MB.

Unloading 38 unused Assets to reduce memory usage. Loaded Objects now: 2518.
Total: 3.048900 ms (FindLiveObjects: 0.309000 ms CreateObjectMapping: 0.197400 ms MarkObjects: 2.510600 ms  DeleteObjects: 0.030000 ms)

========================================================================
Received Prepare
Registering precompiled user dll's ...
Registered in 0.004943 seconds.
Begin MonoManager ReloadAssembly
Native extension for WindowsStandalone target not found
Refreshing native plugins compatible for Editor in 0.74 ms, found 1 plugins.
Preloading 0 native plugins for Editor in 0.00 ms.
Invoked RoslynAnalysisRunner static constructor.
RoslynAnalysisRunner will not be running.
RoslynAnalysisRunner has terminated.
Mono: successfully reloaded assembly
- Completed reload, in  1.137 seconds
Platform modules already initialized, skipping
Refreshing native plugins compatible for Editor in 0.64 ms, found 1 plugins.
Preloading 0 native plugins for Editor in 0.00 ms.
Unloading 2012 Unused Serialized files (Serialized files now loaded: 0)
System memory in use before: 102.3 MB.
System memory in use after: 102.4 MB.

Unloading 38 unused Assets to reduce memory usage. Loaded Objects now: 2520.
Total: 2.265100 ms (FindLiveObjects: 0.281700 ms CreateObjectMapping: 0.218900 ms MarkObjects: 1.739200 ms  DeleteObjects: 0.024400 ms)

========================================================================
Received Prepare
Registering precompiled user dll's ...
Registered in 0.004389 seconds.
Begin MonoManager ReloadAssembly
Native extension for WindowsStandalone target not found
Refreshing native plugins compatible for Editor in 0.66 ms, found 1 plugins.
Preloading 0 native plugins for Editor in 0.00 ms.
Invoked RoslynAnalysisRunner static constructor.
RoslynAnalysisRunner will not be running.
RoslynAnalysisRunner has terminated.
Mono: successfully reloaded assembly
- Completed reload, in  1.121 seconds
Platform modules already initialized, skipping
Refreshing native plugins compatible for Editor in 0.69 ms, found 1 plugins.
Preloading 0 native plugins for Editor in 0.00 ms.
Unloading 2012 Unused Serialized files (Serialized files now loaded: 0)
System memory in use before: 102.2 MB.
System memory in use after: 102.3 MB.

Unloading 38 unused Assets to reduce memory usage. Loaded Objects now: 2522.
Total: 2.682400 ms (FindLiveObjects: 0.292700 ms CreateObjectMapping: 0.186700 ms MarkObjects: 2.173600 ms  DeleteObjects: 0.028300 ms)

========================================================================
Received Prepare
Registering precompiled user dll's ...
Registered in 0.004577 seconds.
Begin MonoManager ReloadAssembly
Native extension for WindowsStandalone target not found
Refreshing native plugins compatible for Editor in 0.75 ms, found 1 plugins.
Preloading 0 native plugins for Editor in 0.00 ms.
Invoked RoslynAnalysisRunner static constructor.
RoslynAnalysisRunner will not be running.
RoslynAnalysisRunner has terminated.
Mono: successfully reloaded assembly
- Completed reload, in  1.116 seconds
Platform modules already initialized, skipping
Refreshing native plugins compatible for Editor in 0.72 ms, found 1 plugins.
Preloading 0 native plugins for Editor in 0.00 ms.
Unloading 2012 Unused Serialized files (Serialized files now loaded: 0)
System memory in use before: 102.3 MB.
System memory in use after: 102.4 MB.

Unloading 38 unused Assets to reduce memory usage. Loaded Objects now: 2524.
Total: 2.996200 ms (FindLiveObjects: 0.285100 ms CreateObjectMapping: 0.192500 ms MarkObjects: 2.488500 ms  DeleteObjects: 0.028700 ms)

========================================================================
Received Prepare
Registering precompiled user dll's ...
Registered in 0.004195 seconds.
Begin MonoManager ReloadAssembly
Native extension for WindowsStandalone target not found
Refreshing native plugins compatible for Editor in 0.64 ms, found 1 plugins.
Preloading 0 native plugins for Editor in 0.00 ms.
Invoked RoslynAnalysisRunner static constructor.
RoslynAnalysisRunner will not be running.
RoslynAnalysisRunner has terminated.
Mono: successfully reloaded assembly
- Completed reload, in  1.057 seconds
Platform modules already initialized, skipping
Refreshing native plugins compatible for Editor in 0.65 ms, found 1 plugins.
Preloading 0 native plugins for Editor in 0.00 ms.
Unloading 2012 Unused Serialized files (Serialized files now loaded: 0)
System memory in use before: 102.1 MB.
System memory in use after: 102.2 MB.

Unloading 38 unused Assets to reduce memory usage. Loaded Objects now: 2526.
Total: 2.647900 ms (FindLiveObjects: 0.349200 ms CreateObjectMapping: 0.202400 ms MarkObjects: 2.070300 ms  DeleteObjects: 0.024600 ms)

========================================================================
Received Prepare
Registering precompiled user dll's ...
Registered in 0.005697 seconds.
Begin MonoManager ReloadAssembly
Native extension for WindowsStandalone target not found
Refreshing native plugins compatible for Editor in 0.68 ms, found 1 plugins.
Preloading 0 native plugins for Editor in 0.00 ms.
Invoked RoslynAnalysisRunner static constructor.
RoslynAnalysisRunner will not be running.
RoslynAnalysisRunner has terminated.
Mono: successfully reloaded assembly
- Completed reload, in  1.017 seconds
Platform modules already initialized, skipping
Refreshing native plugins compatible for Editor in 1.33 ms, found 1 plugins.
Preloading 0 native plugins for Editor in 0.00 ms.
Unloading 2012 Unused Serialized files (Serialized files now loaded: 0)
System memory in use before: 102.3 MB.
System memory in use after: 102.4 MB.

Unloading 38 unused Assets to reduce memory usage. Loaded Objects now: 2528.
Total: 2.698400 ms (FindLiveObjects: 0.272300 ms CreateObjectMapping: 0.179900 ms MarkObjects: 2.219000 ms  DeleteObjects: 0.026400 ms)

========================================================================
Received Prepare
Registering precompiled user dll's ...
Registered in 0.003995 seconds.
Begin MonoManager ReloadAssembly
Native extension for WindowsStandalone target not found
Refreshing native plugins compatible for Editor in 0.63 ms, found 1 plugins.
Preloading 0 native plugins for Editor in 0.00 ms.
Invoked RoslynAnalysisRunner static constructor.
RoslynAnalysisRunner will not be running.
RoslynAnalysisRunner has terminated.
Mono: successfully reloaded assembly
- Completed reload, in  1.012 seconds
Platform modules already initialized, skipping
Refreshing native plugins compatible for Editor in 0.69 ms, found 1 plugins.
Preloading 0 native plugins for Editor in 0.00 ms.
Unloading 2012 Unused Serialized files (Serialized files now loaded: 0)
System memory in use before: 102.1 MB.
System memory in use after: 102.2 MB.

Unloading 38 unused Assets to reduce memory usage. Loaded Objects now: 2530.
Total: 2.362400 ms (FindLiveObjects: 0.215500 ms CreateObjectMapping: 0.210100 ms MarkObjects: 1.911700 ms  DeleteObjects: 0.024400 ms)

========================================================================
Received Prepare
Registering precompiled user dll's ...
Registered in 0.005235 seconds.
Begin MonoManager ReloadAssembly
Native extension for WindowsStandalone target not found
Refreshing native plugins compatible for Editor in 0.76 ms, found 1 plugins.
Preloading 0 native plugins for Editor in 0.00 ms.
Invoked RoslynAnalysisRunner static constructor.
RoslynAnalysisRunner will not be running.
RoslynAnalysisRunner has terminated.
Mono: successfully reloaded assembly
- Completed reload, in  1.342 seconds
Platform modules already initialized, skipping
Refreshing native plugins compatible for Editor in 0.64 ms, found 1 plugins.
Preloading 0 native plugins for Editor in 0.00 ms.
Unloading 2012 Unused Serialized files (Serialized files now loaded: 0)
System memory in use before: 102.3 MB.
System memory in use after: 102.4 MB.

Unloading 38 unused Assets to reduce memory usage. Loaded Objects now: 2532.
Total: 3.007300 ms (FindLiveObjects: 0.318600 ms CreateObjectMapping: 0.190400 ms MarkObjects: 2.453000 ms  DeleteObjects: 0.044200 ms)

========================================================================
Received Prepare
Registering precompiled user dll's ...
Registered in 0.004448 seconds.
Begin MonoManager ReloadAssembly
Native extension for WindowsStandalone target not found
Refreshing native plugins compatible for Editor in 0.66 ms, found 1 plugins.
Preloading 0 native plugins for Editor in 0.00 ms.
Invoked RoslynAnalysisRunner static constructor.
RoslynAnalysisRunner will not be running.
RoslynAnalysisRunner has terminated.
Mono: successfully reloaded assembly
- Completed reload, in  1.109 seconds
Platform modules already initialized, skipping
Refreshing native plugins compatible for Editor in 0.69 ms, found 1 plugins.
Preloading 0 native plugins for Editor in 0.00 ms.
Unloading 2012 Unused Serialized files (Serialized files now loaded: 0)
System memory in use before: 102.0 MB.
System memory in use after: 102.2 MB.

Unloading 38 unused Assets to reduce memory usage. Loaded Objects now: 2534.
Total: 2.583600 ms (FindLiveObjects: 0.265500 ms CreateObjectMapping: 0.161700 ms MarkObjects: 2.123500 ms  DeleteObjects: 0.031400 ms)

========================================================================
Received Prepare
Registering precompiled user dll's ...
Registered in 0.007494 seconds.
Begin MonoManager ReloadAssembly
Native extension for WindowsStandalone target not found
Refreshing native plugins compatible for Editor in 0.68 ms, found 1 plugins.
Preloading 0 native plugins for Editor in 0.00 ms.
Invoked RoslynAnalysisRunner static constructor.
RoslynAnalysisRunner will not be running.
RoslynAnalysisRunner has terminated.
Mono: successfully reloaded assembly
- Completed reload, in  1.156 seconds
Platform modules already initialized, skipping
Refreshing native plugins compatible for Editor in 0.81 ms, found 1 plugins.
Preloading 0 native plugins for Editor in 0.00 ms.
Unloading 2012 Unused Serialized files (Serialized files now loaded: 0)
System memory in use before: 102.3 MB.
System memory in use after: 102.5 MB.

Unloading 38 unused Assets to reduce memory usage. Loaded Objects now: 2536.
Total: 3.305200 ms (FindLiveObjects: 0.364200 ms CreateObjectMapping: 0.253500 ms MarkObjects: 2.649800 ms  DeleteObjects: 0.036200 ms)

========================================================================
Received Prepare
Registering precompiled user dll's ...
Registered in 0.004705 seconds.
Begin MonoManager ReloadAssembly
Native extension for WindowsStandalone target not found
Refreshing native plugins compatible for Editor in 0.66 ms, found 1 plugins.
Preloading 0 native plugins for Editor in 0.00 ms.
Invoked RoslynAnalysisRunner static constructor.
RoslynAnalysisRunner will not be running.
RoslynAnalysisRunner has terminated.
Mono: successfully reloaded assembly
- Completed reload, in  1.149 seconds
Platform modules already initialized, skipping
Refreshing native plugins compatible for Editor in 0.70 ms, found 1 plugins.
Preloading 0 native plugins for Editor in 0.00 ms.
Unloading 2012 Unused Serialized files (Serialized files now loaded: 0)
System memory in use before: 102.0 MB.
System memory in use after: 102.1 MB.

Unloading 38 unused Assets to reduce memory usage. Loaded Objects now: 2538.
Total: 2.230300 ms (FindLiveObjects: 0.326100 ms CreateObjectMapping: 0.106100 ms MarkObjects: 1.777400 ms  DeleteObjects: 0.019800 ms)

========================================================================
Received Prepare
Registering precompiled user dll's ...
Registered in 0.004661 seconds.
Begin MonoManager ReloadAssembly
Native extension for WindowsStandalone target not found
Refreshing native plugins compatible for Editor in 0.69 ms, found 1 plugins.
Preloading 0 native plugins for Editor in 0.00 ms.
Invoked RoslynAnalysisRunner static constructor.
RoslynAnalysisRunner will not be running.
RoslynAnalysisRunner has terminated.
Mono: successfully reloaded assembly
- Completed reload, in  1.135 seconds
Platform modules already initialized, skipping
Refreshing native plugins compatible for Editor in 0.88 ms, found 1 plugins.
Preloading 0 native plugins for Editor in 0.00 ms.
Unloading 2012 Unused Serialized files (Serialized files now loaded: 0)
System memory in use before: 102.3 MB.
System memory in use after: 102.5 MB.

Unloading 38 unused Assets to reduce memory usage. Loaded Objects now: 2540.
Total: 3.134500 ms (FindLiveObjects: 0.303500 ms CreateObjectMapping: 0.193800 ms MarkObjects: 2.605700 ms  DeleteObjects: 0.029600 ms)

========================================================================
Received Import Request.
  Time since last request: 9192.877726 seconds.
  path: Assets/Scripts/RedRunner/Enemies/Mace.cs
  artifactKey: Guid(c36d7bed56ad3bd47bfd7b7712e33188) Importer(815301076,1909f56bfc062723c751e8b465ee728b)
Start importing Assets/Scripts/RedRunner/Enemies/Mace.cs using Guid(c36d7bed56ad3bd47bfd7b7712e33188) Importer(815301076,1909f56bfc062723c751e8b465ee728b)  -> (artifact id: 'd40dbfe7f31ca6a6e2b2489f2cbb7ea2') in 0.016582 seconds
  Import took 0.022289 seconds .

========================================================================
Received Prepare
Registering precompiled user dll's ...
Registered in 0.005739 seconds.
Begin MonoManager ReloadAssembly
Native extension for WindowsStandalone target not found
Refreshing native plugins compatible for Editor in 0.64 ms, found 1 plugins.
Preloading 0 native plugins for Editor in 0.00 ms.
Invoked RoslynAnalysisRunner static constructor.
RoslynAnalysisRunner will not be running.
RoslynAnalysisRunner has terminated.
Mono: successfully reloaded assembly
- Completed reload, in  1.092 seconds
Platform modules already initialized, skipping
Refreshing native plugins compatible for Editor in 0.71 ms, found 1 plugins.
Preloading 0 native plugins for Editor in 0.00 ms.
Unloading 2012 Unused Serialized files (Serialized files now loaded: 0)
System memory in use before: 102.0 MB.
System memory in use after: 102.1 MB.

Unloading 38 unused Assets to reduce memory usage. Loaded Objects now: 2542.
Total: 2.603400 ms (FindLiveObjects: 0.305800 ms CreateObjectMapping: 0.298500 ms MarkObjects: 1.970200 ms  DeleteObjects: 0.027900 ms)

========================================================================
Received Prepare
Registering precompiled user dll's ...
Registered in 0.011719 seconds.
Begin MonoManager ReloadAssembly
Native extension for WindowsStandalone target not found
Refreshing native plugins compatible for Editor in 0.67 ms, found 1 plugins.
Preloading 0 native plugins for Editor in 0.00 ms.
Invoked RoslynAnalysisRunner static constructor.
RoslynAnalysisRunner will not be running.
RoslynAnalysisRunner has terminated.
Mono: successfully reloaded assembly
- Completed reload, in  1.387 seconds
Platform modules already initialized, skipping
Refreshing native plugins compatible for Editor in 0.65 ms, found 1 plugins.
Preloading 0 native plugins for Editor in 0.00 ms.
Unloading 2012 Unused Serialized files (Serialized files now loaded: 0)
System memory in use before: 102.4 MB.
System memory in use after: 102.5 MB.

Unloading 38 unused Assets to reduce memory usage. Loaded Objects now: 2544.
Total: 2.314500 ms (FindLiveObjects: 0.378800 ms CreateObjectMapping: 0.087600 ms MarkObjects: 1.820900 ms  DeleteObjects: 0.025700 ms)

========================================================================
Received Prepare
Registering precompiled user dll's ...
Registered in 0.004602 seconds.
Begin MonoManager ReloadAssembly
Native extension for WindowsStandalone target not found
Refreshing native plugins compatible for Editor in 0.75 ms, found 1 plugins.
Preloading 0 native plugins for Editor in 0.00 ms.
Invoked RoslynAnalysisRunner static constructor.
RoslynAnalysisRunner will not be running.
RoslynAnalysisRunner has terminated.
Mono: successfully reloaded assembly
- Completed reload, in  1.224 seconds
Platform modules already initialized, skipping
Refreshing native plugins compatible for Editor in 0.63 ms, found 1 plugins.
Preloading 0 native plugins for Editor in 0.00 ms.
Unloading 2012 Unused Serialized files (Serialized files now loaded: 0)
System memory in use before: 101.9 MB.
System memory in use after: 102.0 MB.

Unloading 38 unused Assets to reduce memory usage. Loaded Objects now: 2546.
Total: 2.795700 ms (FindLiveObjects: 0.265300 ms CreateObjectMapping: 0.159900 ms MarkObjects: 2.336000 ms  DeleteObjects: 0.032900 ms)

========================================================================
Received Prepare
Registering precompiled user dll's ...
Registered in 0.007965 seconds.
Begin MonoManager ReloadAssembly
Native extension for WindowsStandalone target not found
Refreshing native plugins compatible for Editor in 0.64 ms, found 1 plugins.
Preloading 0 native plugins for Editor in 0.00 ms.
Invoked RoslynAnalysisRunner static constructor.
RoslynAnalysisRunner will not be running.
RoslynAnalysisRunner has terminated.
Mono: successfully reloaded assembly
- Completed reload, in  1.546 seconds
Platform modules already initialized, skipping
Refreshing native plugins compatible for Editor in 0.63 ms, found 1 plugins.
Preloading 0 native plugins for Editor in 0.00 ms.
Unloading 2012 Unused Serialized files (Serialized files now loaded: 0)
System memory in use before: 102.4 MB.
System memory in use after: 102.5 MB.

Unloading 38 unused Assets to reduce memory usage. Loaded Objects now: 2548.
Total: 3.172100 ms (FindLiveObjects: 0.396600 ms CreateObjectMapping: 0.097800 ms MarkObjects: 2.613700 ms  DeleteObjects: 0.061700 ms)

========================================================================
Received Prepare
Registering precompiled user dll's ...
Registered in 0.006507 seconds.
Begin MonoManager ReloadAssembly
Native extension for WindowsStandalone target not found
Refreshing native plugins compatible for Editor in 0.64 ms, found 1 plugins.
Preloading 0 native plugins for Editor in 0.00 ms.
Invoked RoslynAnalysisRunner static constructor.
RoslynAnalysisRunner will not be running.
RoslynAnalysisRunner has terminated.
Mono: successfully reloaded assembly
- Completed reload, in  1.147 seconds
Platform modules already initialized, skipping
Refreshing native plugins compatible for Editor in 0.70 ms, found 1 plugins.
Preloading 0 native plugins for Editor in 0.00 ms.
Unloading 2012 Unused Serialized files (Serialized files now loaded: 0)
System memory in use before: 101.9 MB.
System memory in use after: 102.0 MB.

Unloading 38 unused Assets to reduce memory usage. Loaded Objects now: 2550.
Total: 2.607100 ms (FindLiveObjects: 0.269100 ms CreateObjectMapping: 0.161500 ms MarkObjects: 2.148200 ms  DeleteObjects: 0.027300 ms)

========================================================================
Received Prepare
Registering precompiled user dll's ...
Registered in 0.005508 seconds.
Begin MonoManager ReloadAssembly
Native extension for WindowsStandalone target not found
Refreshing native plugins compatible for Editor in 0.70 ms, found 1 plugins.
Preloading 0 native plugins for Editor in 0.00 ms.
Invoked RoslynAnalysisRunner static constructor.
RoslynAnalysisRunner will not be running.
RoslynAnalysisRunner has terminated.
Mono: successfully reloaded assembly
- Completed reload, in  1.083 seconds
Platform modules already initialized, skipping
Refreshing native plugins compatible for Editor in 0.66 ms, found 1 plugins.
Preloading 0 native plugins for Editor in 0.00 ms.
Unloading 2012 Unused Serialized files (Serialized files now loaded: 0)
System memory in use before: 102.4 MB.
System memory in use after: 102.5 MB.

Unloading 38 unused Assets to reduce memory usage. Loaded Objects now: 2552.
Total: 3.263500 ms (FindLiveObjects: 0.303100 ms CreateObjectMapping: 0.186700 ms MarkObjects: 2.735000 ms  DeleteObjects: 0.037000 ms)

========================================================================
Received Prepare
Registering precompiled user dll's ...
Registered in 0.005276 seconds.
Begin MonoManager ReloadAssembly
Native extension for WindowsStandalone target not found
Refreshing native plugins compatible for Editor in 0.71 ms, found 1 plugins.
Preloading 0 native plugins for Editor in 0.00 ms.
Invoked RoslynAnalysisRunner static constructor.
RoslynAnalysisRunner will not be running.
RoslynAnalysisRunner has terminated.
Mono: successfully reloaded assembly
- Completed reload, in  1.162 seconds
Platform modules already initialized, skipping
Refreshing native plugins compatible for Editor in 0.65 ms, found 1 plugins.
Preloading 0 native plugins for Editor in 0.00 ms.
Unloading 2012 Unused Serialized files (Serialized files now loaded: 0)
System memory in use before: 102.4 MB.
System memory in use after: 102.5 MB.

Unloading 38 unused Assets to reduce memory usage. Loaded Objects now: 2554.
Total: 3.663000 ms (FindLiveObjects: 0.666400 ms CreateObjectMapping: 0.305200 ms MarkObjects: 2.660400 ms  DeleteObjects: 0.029100 ms)

========================================================================
Received Prepare
Registering precompiled user dll's ...
Registered in 0.004733 seconds.
Begin MonoManager ReloadAssembly
Native extension for WindowsStandalone target not found
Refreshing native plugins compatible for Editor in 0.65 ms, found 1 plugins.
Preloading 0 native plugins for Editor in 0.00 ms.
Invoked RoslynAnalysisRunner static constructor.
RoslynAnalysisRunner will not be running.
RoslynAnalysisRunner has terminated.
Mono: successfully reloaded assembly
- Completed reload, in  1.176 seconds
Platform modules already initialized, skipping
Refreshing native plugins compatible for Editor in 1.10 ms, found 1 plugins.
Preloading 0 native plugins for Editor in 0.00 ms.
Unloading 2012 Unused Serialized files (Serialized files now loaded: 0)
System memory in use before: 102.3 MB.
System memory in use after: 102.4 MB.

Unloading 38 unused Assets to reduce memory usage. Loaded Objects now: 2556.
Total: 3.506800 ms (FindLiveObjects: 0.219100 ms CreateObjectMapping: 0.080100 ms MarkObjects: 3.170700 ms  DeleteObjects: 0.035700 ms)

========================================================================
Received Prepare
Registering precompiled user dll's ...
Registered in 0.004936 seconds.
Begin MonoManager ReloadAssembly
Native extension for WindowsStandalone target not found
Refreshing native plugins compatible for Editor in 0.63 ms, found 1 plugins.
Preloading 0 native plugins for Editor in 0.00 ms.
Invoked RoslynAnalysisRunner static constructor.
RoslynAnalysisRunner will not be running.
RoslynAnalysisRunner has terminated.
Mono: successfully reloaded assembly
- Completed reload, in  1.214 seconds
Platform modules already initialized, skipping
Refreshing native plugins compatible for Editor in 1.07 ms, found 1 plugins.
Preloading 0 native plugins for Editor in 0.00 ms.
Unloading 2012 Unused Serialized files (Serialized files now loaded: 0)
System memory in use before: 102.4 MB.
System memory in use after: 102.5 MB.

Unloading 38 unused Assets to reduce memory usage. Loaded Objects now: 2558.
Total: 2.944900 ms (FindLiveObjects: 0.693800 ms CreateObjectMapping: 0.268900 ms MarkObjects: 1.952200 ms  DeleteObjects: 0.028400 ms)

========================================================================
Received Prepare
Registering precompiled user dll's ...
Registered in 0.004261 seconds.
Begin MonoManager ReloadAssembly
Native extension for WindowsStandalone target not found
Refreshing native plugins compatible for Editor in 0.70 ms, found 1 plugins.
Preloading 0 native plugins for Editor in 0.00 ms.
Invoked RoslynAnalysisRunner static constructor.
RoslynAnalysisRunner will not be running.
RoslynAnalysisRunner has terminated.
Mono: successfully reloaded assembly
- Completed reload, in  1.137 seconds
Platform modules already initialized, skipping
Refreshing native plugins compatible for Editor in 0.70 ms, found 1 plugins.
Preloading 0 native plugins for Editor in 0.00 ms.
Unloading 2012 Unused Serialized files (Serialized files now loaded: 0)
System memory in use before: 102.3 MB.
System memory in use after: 102.4 MB.

Unloading 38 unused Assets to reduce memory usage. Loaded Objects now: 2560.
Total: 2.638300 ms (FindLiveObjects: 0.330000 ms CreateObjectMapping: 0.190300 ms MarkObjects: 2.084500 ms  DeleteObjects: 0.032000 ms)

========================================================================
Received Prepare
Registering precompiled user dll's ...
Registered in 0.008872 seconds.
Begin MonoManager ReloadAssembly
Native extension for WindowsStandalone target not found
Refreshing native plugins compatible for Editor in 0.62 ms, found 1 plugins.
Preloading 0 native plugins for Editor in 0.00 ms.
Invoked RoslynAnalysisRunner static constructor.
RoslynAnalysisRunner will not be running.
RoslynAnalysisRunner has terminated.
Mono: successfully reloaded assembly
- Completed reload, in  1.058 seconds
Platform modules already initialized, skipping
Refreshing native plugins compatible for Editor in 0.76 ms, found 1 plugins.
Preloading 0 native plugins for Editor in 0.00 ms.
Unloading 2012 Unused Serialized files (Serialized files now loaded: 0)
System memory in use before: 102.4 MB.
System memory in use after: 102.5 MB.

Unloading 38 unused Assets to reduce memory usage. Loaded Objects now: 2562.
Total: 2.043700 ms (FindLiveObjects: 0.214900 ms CreateObjectMapping: 0.081800 ms MarkObjects: 1.725500 ms  DeleteObjects: 0.020900 ms)

========================================================================
Received Prepare
Registering precompiled user dll's ...
Registered in 0.004396 seconds.
Begin MonoManager ReloadAssembly
Native extension for WindowsStandalone target not found
Refreshing native plugins compatible for Editor in 0.70 ms, found 1 plugins.
Preloading 0 native plugins for Editor in 0.00 ms.
Invoked RoslynAnalysisRunner static constructor.
RoslynAnalysisRunner will not be running.
RoslynAnalysisRunner has terminated.
Mono: successfully reloaded assembly
- Completed reload, in  1.300 seconds
Platform modules already initialized, skipping
Refreshing native plugins compatible for Editor in 0.64 ms, found 1 plugins.
Preloading 0 native plugins for Editor in 0.00 ms.
Unloading 2012 Unused Serialized files (Serialized files now loaded: 0)
System memory in use before: 102.2 MB.
System memory in use after: 102.3 MB.

Unloading 38 unused Assets to reduce memory usage. Loaded Objects now: 2564.
Total: 2.365600 ms (FindLiveObjects: 0.220600 ms CreateObjectMapping: 0.083100 ms MarkObjects: 2.041800 ms  DeleteObjects: 0.019100 ms)

========================================================================
Received Prepare
Registering precompiled user dll's ...
Registered in 0.005512 seconds.
Begin MonoManager ReloadAssembly
Native extension for WindowsStandalone target not found
Refreshing native plugins compatible for Editor in 0.64 ms, found 1 plugins.
Preloading 0 native plugins for Editor in 0.00 ms.
Invoked RoslynAnalysisRunner static constructor.
RoslynAnalysisRunner will not be running.
RoslynAnalysisRunner has terminated.
Mono: successfully reloaded assembly
- Completed reload, in  1.214 seconds
Platform modules already initialized, skipping
Refreshing native plugins compatible for Editor in 1.29 ms, found 1 plugins.
Preloading 0 native plugins for Editor in 0.00 ms.
Unloading 2012 Unused Serialized files (Serialized files now loaded: 0)
System memory in use before: 102.4 MB.
System memory in use after: 102.5 MB.

Unloading 38 unused Assets to reduce memory usage. Loaded Objects now: 2566.
Total: 2.624200 ms (FindLiveObjects: 0.389600 ms CreateObjectMapping: 0.086100 ms MarkObjects: 2.122300 ms  DeleteObjects: 0.025200 ms)

========================================================================
Received Prepare
Registering precompiled user dll's ...
Registered in 0.008340 seconds.
Begin MonoManager ReloadAssembly
Native extension for WindowsStandalone target not found
Refreshing native plugins compatible for Editor in 0.71 ms, found 1 plugins.
Preloading 0 native plugins for Editor in 0.00 ms.
Invoked RoslynAnalysisRunner static constructor.
RoslynAnalysisRunner will not be running.
RoslynAnalysisRunner has terminated.
Mono: successfully reloaded assembly
- Completed reload, in  1.171 seconds
Platform modules already initialized, skipping
Refreshing native plugins compatible for Editor in 0.82 ms, found 1 plugins.
Preloading 0 native plugins for Editor in 0.00 ms.
Unloading 2012 Unused Serialized files (Serialized files now loaded: 0)
System memory in use before: 102.2 MB.
System memory in use after: 102.3 MB.

Unloading 38 unused Assets to reduce memory usage. Loaded Objects now: 2568.
Total: 2.955500 ms (FindLiveObjects: 0.290500 ms CreateObjectMapping: 0.154600 ms MarkObjects: 2.466300 ms  DeleteObjects: 0.041200 ms)

AssetImportWorkerClient::OnTransportError - code=2 error=End of file
